<?xml version="1.0" encoding="UTF-8"?>
<testsuite xmlns:xsi="http://www.w3.org/2001/XMLSchema-instance" xsi:noNamespaceSchemaLocation="https://maven.apache.org/surefire/maven-surefire-plugin/xsd/surefire-test-report.xsd" version="3.0.2" name="com.example.order.OrderApplicationTests" time="2.618" tests="1" errors="0" skipped="0" failures="0" flakes="0">
  <properties>
[...]
</properties>
  <testcase name="contextLoads" classname="com.example.order.OrderApplicationTests" time="0.283">
    <system-out><![CDATA[13:55:00.048 [main] INFO org.springframework.test.context.support.AnnotationConfigContextLoaderUtils -- Could not detect default configuration classes for test class [com.example.order.OrderApplicationTests]: OrderApplicationTests does not declare any static, non-private, non-final, nested classes annotated with @Configuration.
13:55:00.093 [main] INFO org.springframework.boot.test.context.SpringBootTestContextBootstrapper -- Found @SpringBootConfiguration com.example.order.OrderApplication for test class com.example.order.OrderApplicationTests
13:55:00.128 [main] INFO org.springframework.test.context.support.AnnotationConfigContextLoaderUtils -- Could not detect default configuration classes for test class [com.example.order.OrderApplicationTests]: OrderApplicationTests does not declare any static, non-private, non-final, nested classes annotated with @Configuration.
13:55:00.129 [main] INFO org.springframework.boot.test.context.SpringBootTestContextBootstrapper -- Found @SpringBootConfiguration com.example.order.OrderApplication for test class com.example.order.OrderApplicationTests

  .   ____          _            __ _ _
 /\\ / ___'_ __ _ _(_)_ __  __ _ \ \ \ \
( ( )\___ | '_ | '_| | '_ \/ _` | \ \ \ \
 \\/  ___)| |_)| | | | | || (_| |  ) ) ) )
  '  |____| .__|_| |_|_| |_\__, | / / / /
 =========|_|==============|___/=/_/_/_/

 :: Spring Boot ::                (v4.0.5)

2026-04-01T13:55:00.321+09:00  INFO 30418 --- [           main] c.example.order.OrderApplicationTests    : Starting OrderApplicationTests using Java 22.0.2 with PID 30418 (started by shkang in /Users/shkang/ai-proj/java-spring-boot-ad2)
2026-04-01T13:55:00.322+09:00  INFO 30418 --- [           main] c.example.order.OrderApplicationTests    : No active profile set, falling back to 1 default profile: "default"
2026-04-01T13:55:00.580+09:00  INFO 30418 --- [           main] .s.d.r.c.RepositoryConfigurationDelegate : Bootstrapping Spring Data JPA repositories in DEFAULT mode.
2026-04-01T13:55:00.602+09:00  INFO 30418 --- [           main] .s.d.r.c.RepositoryConfigurationDelegate : Finished Spring Data repository scanning in 17 ms. Found 3 JPA repository interfaces.
2026-04-01T13:55:00.753+09:00  INFO 30418 --- [           main] org.hibernate.orm.jpa                    : HHH008540: Processing PersistenceUnitInfo [name: default]
2026-04-01T13:55:00.789+09:00  INFO 30418 --- [           main] org.hibernate.orm.core                   : HHH000001: Hibernate ORM core version 7.2.7.Final
2026-04-01T13:55:00.968+09:00  INFO 30418 --- [           main] o.s.o.j.p.SpringPersistenceUnitInfo      : No LoadTimeWeaver setup: ignoring JPA class transformer
2026-04-01T13:55:00.983+09:00  INFO 30418 --- [           main] com.zaxxer.hikari.HikariDataSource       : HikariPool-1 - Starting...
2026-04-01T13:55:01.067+09:00  INFO 30418 --- [           main] com.zaxxer.hikari.pool.HikariPool        : HikariPool-1 - Added connection conn0: url=jdbc:h2:mem:orderdb user=SA
2026-04-01T13:55:01.068+09:00  INFO 30418 --- [           main] com.zaxxer.hikari.HikariDataSource       : HikariPool-1 - Start completed.
2026-04-01T13:55:01.095+09:00  INFO 30418 --- [           main] org.hibernate.orm.connections.pooling    : HHH10001005: Database info:
	Database JDBC URL [jdbc:h2:mem:orderdb]
	Database driver: H2 JDBC Driver
	Database dialect: H2Dialect
	Database version: 2.4.240
	Default catalog/schema: ORDERDB/PUBLIC
	Autocommit mode: undefined/unknown
	Isolation level: READ_COMMITTED [default READ_COMMITTED]
	JDBC fetch size: 100
	Pool: DataSourceConnectionProvider
	Minimum pool size: undefined/unknown
	Maximum pool size: undefined/unknown
2026-04-01T13:55:01.531+09:00  INFO 30418 --- [           main] org.hibernate.orm.core                   : HHH000489: No JTA platform available (set 'hibernate.transaction.jta.platform' to enable JTA platform integration)
2026-04-01T13:55:01.539+09:00 DEBUG 30418 --- [           main] org.hibernate.SQL                        : 
    drop table if exists member cascade 
2026-04-01T13:55:01.540+09:00 DEBUG 30418 --- [           main] org.hibernate.SQL                        : 
    drop table if exists order_item cascade 
2026-04-01T13:55:01.540+09:00 DEBUG 30418 --- [           main] org.hibernate.SQL                        : 
    drop table if exists orders cascade 
2026-04-01T13:55:01.540+09:00 DEBUG 30418 --- [           main] org.hibernate.SQL                        : 
    drop table if exists product cascade 
2026-04-01T13:55:01.542+09:00 DEBUG 30418 --- [           main] org.hibernate.SQL                        : 
    create table member (
        member_id bigint generated by default as identity,
        email varchar(255),
        name varchar(255),
        primary key (member_id)
    )
2026-04-01T13:55:01.546+09:00 DEBUG 30418 --- [           main] org.hibernate.SQL                        : 
    create table order_item (
        count integer not null,
        order_price integer not null,
        order_id bigint,
        order_item_id bigint generated by default as identity,
        product_id bigint,
        primary key (order_item_id)
    )
2026-04-01T13:55:01.547+09:00 DEBUG 30418 --- [           main] org.hibernate.SQL                        : 
    create table orders (
        member_id bigint,
        order_date timestamp(6),
        order_id bigint generated by default as identity,
        status enum ('CANCEL','ORDER'),
        primary key (order_id)
    )
2026-04-01T13:55:01.547+09:00 DEBUG 30418 --- [           main] org.hibernate.SQL                        : 
    create table product (
        price integer not null,
        stock_quantity integer not null,
        product_id bigint generated by default as identity,
        name varchar(255),
        primary key (product_id)
    )
2026-04-01T13:55:01.548+09:00 DEBUG 30418 --- [           main] org.hibernate.SQL                        : 
    alter table if exists order_item 
       add constraint FKt4dc2r9nbvbujrljv3e23iibt 
       foreign key (order_id) 
       references orders
2026-04-01T13:55:01.554+09:00 DEBUG 30418 --- [           main] org.hibernate.SQL                        : 
    alter table if exists order_item 
       add constraint FK551losx9j75ss5d6bfsqvijna 
       foreign key (product_id) 
       references product
2026-04-01T13:55:01.555+09:00 DEBUG 30418 --- [           main] org.hibernate.SQL                        : 
    alter table if exists orders 
       add constraint FKpktxwhj3x9m4gth5ff6bkqgeb 
       foreign key (member_id) 
       references member
2026-04-01T13:55:01.556+09:00  INFO 30418 --- [           main] j.LocalContainerEntityManagerFactoryBean : Initialized JPA EntityManagerFactory for persistence unit 'default'
2026-04-01T13:55:01.595+09:00  INFO 30418 --- [           main] o.s.d.j.r.query.QueryEnhancerFactories   : Hibernate is in classpath; If applicable, HQL parser will be used.
2026-04-01T13:55:02.249+09:00  INFO 30418 --- [           main] c.example.order.OrderApplicationTests    : Started OrderApplicationTests in 2.095 seconds (process running for 2.64)
2026-04-01T13:55:02.265+09:00 DEBUG 30418 --- [           main] org.hibernate.SQL                        : 
    insert 
    into
        member
        (email, name, member_id) 
    values
        (?, ?, default)
2026-04-01T13:55:02.268+09:00 TRACE 30418 --- [           main] org.hibernate.orm.jdbc.bind              : binding parameter (1:VARCHAR) <- [kim@example.com]
2026-04-01T13:55:02.268+09:00 TRACE 30418 --- [           main] org.hibernate.orm.jdbc.bind              : binding parameter (2:VARCHAR) <- [김철수]
2026-04-01T13:55:02.282+09:00 DEBUG 30418 --- [           main] org.hibernate.SQL                        : 
    insert 
    into
        member
        (email, name, member_id) 
    values
        (?, ?, default)
2026-04-01T13:55:02.282+09:00 TRACE 30418 --- [           main] org.hibernate.orm.jdbc.bind              : binding parameter (1:VARCHAR) <- [lee@example.com]
2026-04-01T13:55:02.282+09:00 TRACE 30418 --- [           main] org.hibernate.orm.jdbc.bind              : binding parameter (2:VARCHAR) <- [이영희]
2026-04-01T13:55:02.283+09:00 DEBUG 30418 --- [           main] org.hibernate.SQL                        : 
    insert 
    into
        product
        (name, price, stock_quantity, product_id) 
    values
        (?, ?, ?, default)
2026-04-01T13:55:02.283+09:00 TRACE 30418 --- [           main] org.hibernate.orm.jdbc.bind              : binding parameter (1:VARCHAR) <- [맥북 프로]
2026-04-01T13:55:02.283+09:00 TRACE 30418 --- [           main] org.hibernate.orm.jdbc.bind              : binding parameter (2:INTEGER) <- [3000000]
2026-04-01T13:55:02.283+09:00 TRACE 30418 --- [           main] org.hibernate.orm.jdbc.bind              : binding parameter (3:INTEGER) <- [100]
2026-04-01T13:55:02.283+09:00 DEBUG 30418 --- [           main] org.hibernate.SQL                        : 
    insert 
    into
        product
        (name, price, stock_quantity, product_id) 
    values
        (?, ?, ?, default)
2026-04-01T13:55:02.284+09:00 TRACE 30418 --- [           main] org.hibernate.orm.jdbc.bind              : binding parameter (1:VARCHAR) <- [아이폰 16]
2026-04-01T13:55:02.284+09:00 TRACE 30418 --- [           main] org.hibernate.orm.jdbc.bind              : binding parameter (2:INTEGER) <- [1500000]
2026-04-01T13:55:02.284+09:00 TRACE 30418 --- [           main] org.hibernate.orm.jdbc.bind              : binding parameter (3:INTEGER) <- [200]
2026-04-01T13:55:02.284+09:00 DEBUG 30418 --- [           main] org.hibernate.SQL                        : 
    insert 
    into
        product
        (name, price, stock_quantity, product_id) 
    values
        (?, ?, ?, default)
2026-04-01T13:55:02.284+09:00 TRACE 30418 --- [           main] org.hibernate.orm.jdbc.bind              : binding parameter (1:VARCHAR) <- [에어팟 프로]
2026-04-01T13:55:02.284+09:00 TRACE 30418 --- [           main] org.hibernate.orm.jdbc.bind              : binding parameter (2:INTEGER) <- [350000]
2026-04-01T13:55:02.284+09:00 TRACE 30418 --- [           main] org.hibernate.orm.jdbc.bind              : binding parameter (3:INTEGER) <- [500]
]]></system-out>
    <system-err><![CDATA[Mockito is currently self-attaching to enable the inline-mock-maker. This will no longer work in future releases of the JDK. Please add Mockito as an agent to your build as described in Mockito's documentation: https://javadoc.io/doc/org.mockito/mockito-core/latest/org.mockito/org/mockito/Mockito.html#0.3
WARNING: A Java agent has been loaded dynamically (/Users/shkang/.m2/repository/net/bytebuddy/byte-buddy-agent/1.17.8/byte-buddy-agent-1.17.8.jar)
WARNING: If a serviceability tool is in use, please run with -XX:+EnableDynamicAgentLoading to hide this warning
WARNING: If a serviceability tool is not in use, please run with -Djdk.instrument.traceUsage for more information
WARNING: Dynamic loading of agents will be disallowed by default in a future release
]]></system-err>
  </testcase>
</testsuite>