<?xml version="1.0" encoding="UTF-8"?>
<testsuite xmlns:xsi="http://www.w3.org/2001/XMLSchema-instance" xsi:noNamespaceSchemaLocation="https://maven.apache.org/surefire/maven-surefire-plugin/xsd/surefire-test-report.xsd" version="3.0.2" name="com.example.order.service.OrderServiceTest" time="0.132" tests="6" errors="0" skipped="0" failures="0" flakes="0">
  <properties>
[...]
</properties>
  <testcase name="calculateTotalPrice" classname="com.example.order.service.OrderServiceTest" time="0.074">
    <system-out><![CDATA[2026-04-01T13:55:02.584+09:00  INFO 30418 --- [           main] t.c.s.AnnotationConfigContextLoaderUtils : Could not detect default configuration classes for test class [com.example.order.service.OrderServiceTest]: OrderServiceTest does not declare any static, non-private, non-final, nested classes annotated with @Configuration.
2026-04-01T13:55:02.589+09:00  INFO 30418 --- [           main] .b.t.c.SpringBootTestContextBootstrapper : Found @SpringBootConfiguration com.example.order.OrderApplication for test class com.example.order.service.OrderServiceTest
2026-04-01T13:55:02.589+09:00  INFO 30418 --- [           main] t.c.s.AnnotationConfigContextLoaderUtils : Could not detect default configuration classes for test class [com.example.order.service.OrderServiceTest]: OrderServiceTest does not declare any static, non-private, non-final, nested classes annotated with @Configuration.
2026-04-01T13:55:02.590+09:00  INFO 30418 --- [           main] .b.t.c.SpringBootTestContextBootstrapper : Found @SpringBootConfiguration com.example.order.OrderApplication for test class com.example.order.service.OrderServiceTest
2026-04-01T13:55:02.598+09:00 DEBUG 30418 --- [           main] org.hibernate.SQL                        : 
    insert 
    into
        member
        (email, name, member_id) 
    values
        (?, ?, default)
2026-04-01T13:55:02.598+09:00 TRACE 30418 --- [           main] org.hibernate.orm.jdbc.bind              : binding parameter (1:VARCHAR) <- [test@test.com]
2026-04-01T13:55:02.598+09:00 TRACE 30418 --- [           main] org.hibernate.orm.jdbc.bind              : binding parameter (2:VARCHAR) <- [테스트회원]
2026-04-01T13:55:02.599+09:00 DEBUG 30418 --- [           main] org.hibernate.SQL                        : 
    insert 
    into
        product
        (name, price, stock_quantity, product_id) 
    values
        (?, ?, ?, default)
2026-04-01T13:55:02.599+09:00 TRACE 30418 --- [           main] org.hibernate.orm.jdbc.bind              : binding parameter (1:VARCHAR) <- [상품A]
2026-04-01T13:55:02.599+09:00 TRACE 30418 --- [           main] org.hibernate.orm.jdbc.bind              : binding parameter (2:INTEGER) <- [10000]
2026-04-01T13:55:02.599+09:00 TRACE 30418 --- [           main] org.hibernate.orm.jdbc.bind              : binding parameter (3:INTEGER) <- [100]
2026-04-01T13:55:02.599+09:00 DEBUG 30418 --- [           main] org.hibernate.SQL                        : 
    insert 
    into
        product
        (name, price, stock_quantity, product_id) 
    values
        (?, ?, ?, default)
2026-04-01T13:55:02.600+09:00 TRACE 30418 --- [           main] org.hibernate.orm.jdbc.bind              : binding parameter (1:VARCHAR) <- [상품B]
2026-04-01T13:55:02.600+09:00 TRACE 30418 --- [           main] org.hibernate.orm.jdbc.bind              : binding parameter (2:INTEGER) <- [20000]
2026-04-01T13:55:02.600+09:00 TRACE 30418 --- [           main] org.hibernate.orm.jdbc.bind              : binding parameter (3:INTEGER) <- [100]
2026-04-01T13:55:02.600+09:00 DEBUG 30418 --- [           main] org.hibernate.SQL                        : 
    insert 
    into
        orders
        (member_id, order_date, status, order_id) 
    values
        (?, ?, ?, default)
2026-04-01T13:55:02.601+09:00 TRACE 30418 --- [           main] org.hibernate.orm.jdbc.bind              : binding parameter (1:BIGINT) <- [3]
2026-04-01T13:55:02.601+09:00 TRACE 30418 --- [           main] org.hibernate.orm.jdbc.bind              : binding parameter (2:TIMESTAMP) <- [2026-04-01T13:55:02.600382]
2026-04-01T13:55:02.601+09:00 TRACE 30418 --- [           main] org.hibernate.orm.jdbc.bind              : binding parameter (3:ENUM) <- [ORDER]
2026-04-01T13:55:02.602+09:00 DEBUG 30418 --- [           main] org.hibernate.SQL                        : 
    insert 
    into
        order_item
        (count, order_id, order_price, product_id, order_item_id) 
    values
        (?, ?, ?, ?, default)
2026-04-01T13:55:02.602+09:00 TRACE 30418 --- [           main] org.hibernate.orm.jdbc.bind              : binding parameter (1:INTEGER) <- [2]
2026-04-01T13:55:02.602+09:00 TRACE 30418 --- [           main] org.hibernate.orm.jdbc.bind              : binding parameter (2:BIGINT) <- [1]
2026-04-01T13:55:02.602+09:00 TRACE 30418 --- [           main] org.hibernate.orm.jdbc.bind              : binding parameter (3:INTEGER) <- [10000]
2026-04-01T13:55:02.602+09:00 TRACE 30418 --- [           main] org.hibernate.orm.jdbc.bind              : binding parameter (4:BIGINT) <- [4]
2026-04-01T13:55:02.603+09:00 DEBUG 30418 --- [           main] org.hibernate.SQL                        : 
    insert 
    into
        order_item
        (count, order_id, order_price, product_id, order_item_id) 
    values
        (?, ?, ?, ?, default)
2026-04-01T13:55:02.603+09:00 TRACE 30418 --- [           main] org.hibernate.orm.jdbc.bind              : binding parameter (1:INTEGER) <- [3]
2026-04-01T13:55:02.603+09:00 TRACE 30418 --- [           main] org.hibernate.orm.jdbc.bind              : binding parameter (2:BIGINT) <- [1]
2026-04-01T13:55:02.603+09:00 TRACE 30418 --- [           main] org.hibernate.orm.jdbc.bind              : binding parameter (3:INTEGER) <- [20000]
2026-04-01T13:55:02.603+09:00 TRACE 30418 --- [           main] org.hibernate.orm.jdbc.bind              : binding parameter (4:BIGINT) <- [5]
2026-04-01T13:55:02.606+09:00 DEBUG 30418 --- [           main] org.hibernate.SQL                        : 
    update
        product 
    set
        name=?,
        price=?,
        stock_quantity=? 
    where
        product_id=?
2026-04-01T13:55:02.606+09:00 TRACE 30418 --- [           main] org.hibernate.orm.jdbc.bind              : binding parameter (1:VARCHAR) <- [상품A]
2026-04-01T13:55:02.606+09:00 TRACE 30418 --- [           main] org.hibernate.orm.jdbc.bind              : binding parameter (2:INTEGER) <- [10000]
2026-04-01T13:55:02.606+09:00 TRACE 30418 --- [           main] org.hibernate.orm.jdbc.bind              : binding parameter (3:INTEGER) <- [98]
2026-04-01T13:55:02.606+09:00 TRACE 30418 --- [           main] org.hibernate.orm.jdbc.bind              : binding parameter (4:BIGINT) <- [4]
2026-04-01T13:55:02.607+09:00 DEBUG 30418 --- [           main] org.hibernate.SQL                        : 
    update
        product 
    set
        name=?,
        price=?,
        stock_quantity=? 
    where
        product_id=?
2026-04-01T13:55:02.607+09:00 TRACE 30418 --- [           main] org.hibernate.orm.jdbc.bind              : binding parameter (1:VARCHAR) <- [상품B]
2026-04-01T13:55:02.607+09:00 TRACE 30418 --- [           main] org.hibernate.orm.jdbc.bind              : binding parameter (2:INTEGER) <- [20000]
2026-04-01T13:55:02.607+09:00 TRACE 30418 --- [           main] org.hibernate.orm.jdbc.bind              : binding parameter (3:INTEGER) <- [97]
2026-04-01T13:55:02.607+09:00 TRACE 30418 --- [           main] org.hibernate.orm.jdbc.bind              : binding parameter (4:BIGINT) <- [5]
2026-04-01T13:55:02.636+09:00 DEBUG 30418 --- [           main] org.hibernate.SQL                        : 
    select
        o1_0.order_id,
        m1_0.member_id,
        m1_0.email,
        m1_0.name,
        o1_0.order_date,
        oi1_0.order_id,
        oi1_0.order_item_id,
        oi1_0.count,
        oi1_0.order_price,
        p1_0.product_id,
        p1_0.name,
        p1_0.price,
        p1_0.stock_quantity,
        o1_0.status 
    from
        orders o1_0 
    join
        member m1_0 
            on m1_0.member_id=o1_0.member_id 
    join
        order_item oi1_0 
            on o1_0.order_id=oi1_0.order_id 
    join
        product p1_0 
            on p1_0.product_id=oi1_0.product_id 
    where
        o1_0.order_id=?
2026-04-01T13:55:02.637+09:00 TRACE 30418 --- [           main] org.hibernate.orm.jdbc.bind              : binding parameter (1:BIGINT) <- [1]
]]></system-out>
  </testcase>
  <testcase name="cancelOrder" classname="com.example.order.service.OrderServiceTest" time="0.015">
    <system-out><![CDATA[2026-04-01T13:55:02.671+09:00 DEBUG 30418 --- [           main] org.hibernate.SQL                        : 
    insert 
    into
        member
        (email, name, member_id) 
    values
        (?, ?, default)
2026-04-01T13:55:02.672+09:00 TRACE 30418 --- [           main] org.hibernate.orm.jdbc.bind              : binding parameter (1:VARCHAR) <- [test@test.com]
2026-04-01T13:55:02.672+09:00 TRACE 30418 --- [           main] org.hibernate.orm.jdbc.bind              : binding parameter (2:VARCHAR) <- [테스트회원]
2026-04-01T13:55:02.672+09:00 DEBUG 30418 --- [           main] org.hibernate.SQL                        : 
    insert 
    into
        product
        (name, price, stock_quantity, product_id) 
    values
        (?, ?, ?, default)
2026-04-01T13:55:02.672+09:00 TRACE 30418 --- [           main] org.hibernate.orm.jdbc.bind              : binding parameter (1:VARCHAR) <- [테스트상품]
2026-04-01T13:55:02.672+09:00 TRACE 30418 --- [           main] org.hibernate.orm.jdbc.bind              : binding parameter (2:INTEGER) <- [10000]
2026-04-01T13:55:02.672+09:00 TRACE 30418 --- [           main] org.hibernate.orm.jdbc.bind              : binding parameter (3:INTEGER) <- [50]
2026-04-01T13:55:02.673+09:00 DEBUG 30418 --- [           main] org.hibernate.SQL                        : 
    insert 
    into
        orders
        (member_id, order_date, status, order_id) 
    values
        (?, ?, ?, default)
2026-04-01T13:55:02.673+09:00 TRACE 30418 --- [           main] org.hibernate.orm.jdbc.bind              : binding parameter (1:BIGINT) <- [4]
2026-04-01T13:55:02.673+09:00 TRACE 30418 --- [           main] org.hibernate.orm.jdbc.bind              : binding parameter (2:TIMESTAMP) <- [2026-04-01T13:55:02.672997]
2026-04-01T13:55:02.673+09:00 TRACE 30418 --- [           main] org.hibernate.orm.jdbc.bind              : binding parameter (3:ENUM) <- [ORDER]
2026-04-01T13:55:02.673+09:00 DEBUG 30418 --- [           main] org.hibernate.SQL                        : 
    insert 
    into
        order_item
        (count, order_id, order_price, product_id, order_item_id) 
    values
        (?, ?, ?, ?, default)
2026-04-01T13:55:02.673+09:00 TRACE 30418 --- [           main] org.hibernate.orm.jdbc.bind              : binding parameter (1:INTEGER) <- [5]
2026-04-01T13:55:02.674+09:00 TRACE 30418 --- [           main] org.hibernate.orm.jdbc.bind              : binding parameter (2:BIGINT) <- [2]
2026-04-01T13:55:02.674+09:00 TRACE 30418 --- [           main] org.hibernate.orm.jdbc.bind              : binding parameter (3:INTEGER) <- [10000]
2026-04-01T13:55:02.674+09:00 TRACE 30418 --- [           main] org.hibernate.orm.jdbc.bind              : binding parameter (4:BIGINT) <- [6]
2026-04-01T13:55:02.674+09:00 DEBUG 30418 --- [           main] org.hibernate.SQL                        : 
    update
        product 
    set
        name=?,
        price=?,
        stock_quantity=? 
    where
        product_id=?
2026-04-01T13:55:02.674+09:00 TRACE 30418 --- [           main] org.hibernate.orm.jdbc.bind              : binding parameter (1:VARCHAR) <- [테스트상품]
2026-04-01T13:55:02.674+09:00 TRACE 30418 --- [           main] org.hibernate.orm.jdbc.bind              : binding parameter (2:INTEGER) <- [10000]
2026-04-01T13:55:02.674+09:00 TRACE 30418 --- [           main] org.hibernate.orm.jdbc.bind              : binding parameter (3:INTEGER) <- [45]
2026-04-01T13:55:02.674+09:00 TRACE 30418 --- [           main] org.hibernate.orm.jdbc.bind              : binding parameter (4:BIGINT) <- [6]
2026-04-01T13:55:02.675+09:00 DEBUG 30418 --- [           main] org.hibernate.SQL                        : 
    select
        o1_0.order_id,
        m1_0.member_id,
        m1_0.email,
        m1_0.name,
        o1_0.order_date,
        oi1_0.order_id,
        oi1_0.order_item_id,
        oi1_0.count,
        oi1_0.order_price,
        p1_0.product_id,
        p1_0.name,
        p1_0.price,
        p1_0.stock_quantity,
        o1_0.status 
    from
        orders o1_0 
    join
        member m1_0 
            on m1_0.member_id=o1_0.member_id 
    join
        order_item oi1_0 
            on o1_0.order_id=oi1_0.order_id 
    join
        product p1_0 
            on p1_0.product_id=oi1_0.product_id 
    where
        o1_0.order_id=?
2026-04-01T13:55:02.676+09:00 TRACE 30418 --- [           main] org.hibernate.orm.jdbc.bind              : binding parameter (1:BIGINT) <- [2]
2026-04-01T13:55:02.677+09:00 DEBUG 30418 --- [           main] org.hibernate.SQL                        : 
    update
        product 
    set
        name=?,
        price=?,
        stock_quantity=? 
    where
        product_id=?
2026-04-01T13:55:02.677+09:00 TRACE 30418 --- [           main] org.hibernate.orm.jdbc.bind              : binding parameter (1:VARCHAR) <- [테스트상품]
2026-04-01T13:55:02.677+09:00 TRACE 30418 --- [           main] org.hibernate.orm.jdbc.bind              : binding parameter (2:INTEGER) <- [10000]
2026-04-01T13:55:02.677+09:00 TRACE 30418 --- [           main] org.hibernate.orm.jdbc.bind              : binding parameter (3:INTEGER) <- [50]
2026-04-01T13:55:02.677+09:00 TRACE 30418 --- [           main] org.hibernate.orm.jdbc.bind              : binding parameter (4:BIGINT) <- [6]
2026-04-01T13:55:02.677+09:00 DEBUG 30418 --- [           main] org.hibernate.SQL                        : 
    update
        orders 
    set
        member_id=?,
        order_date=?,
        status=? 
    where
        order_id=?
2026-04-01T13:55:02.677+09:00 TRACE 30418 --- [           main] org.hibernate.orm.jdbc.bind              : binding parameter (1:BIGINT) <- [4]
2026-04-01T13:55:02.677+09:00 TRACE 30418 --- [           main] org.hibernate.orm.jdbc.bind              : binding parameter (2:TIMESTAMP) <- [2026-04-01T13:55:02.672997]
2026-04-01T13:55:02.677+09:00 TRACE 30418 --- [           main] org.hibernate.orm.jdbc.bind              : binding parameter (3:ENUM) <- [CANCEL]
2026-04-01T13:55:02.677+09:00 TRACE 30418 --- [           main] org.hibernate.orm.jdbc.bind              : binding parameter (4:BIGINT) <- [2]
2026-04-01T13:55:02.680+09:00 DEBUG 30418 --- [           main] org.hibernate.SQL                        : 
    select
        o1_0.order_id,
        o1_0.member_id,
        o1_0.order_date,
        o1_0.status 
    from
        orders o1_0 
    where
        o1_0.order_id=?
2026-04-01T13:55:02.680+09:00 TRACE 30418 --- [           main] org.hibernate.orm.jdbc.bind              : binding parameter (1:BIGINT) <- [2]
2026-04-01T13:55:02.683+09:00 DEBUG 30418 --- [           main] org.hibernate.SQL                        : 
    select
        p1_0.product_id,
        p1_0.name,
        p1_0.price,
        p1_0.stock_quantity 
    from
        product p1_0 
    where
        p1_0.product_id=?
2026-04-01T13:55:02.683+09:00 TRACE 30418 --- [           main] org.hibernate.orm.jdbc.bind              : binding parameter (1:BIGINT) <- [6]
]]></system-out>
  </testcase>
  <testcase name="notEnoughStock" classname="com.example.order.service.OrderServiceTest" time="0.004">
    <system-out><![CDATA[2026-04-01T13:55:02.686+09:00 DEBUG 30418 --- [           main] org.hibernate.SQL                        : 
    insert 
    into
        product
        (name, price, stock_quantity, product_id) 
    values
        (?, ?, ?, default)
2026-04-01T13:55:02.687+09:00 TRACE 30418 --- [           main] org.hibernate.orm.jdbc.bind              : binding parameter (1:VARCHAR) <- [테스트상품]
2026-04-01T13:55:02.687+09:00 TRACE 30418 --- [           main] org.hibernate.orm.jdbc.bind              : binding parameter (2:INTEGER) <- [10000]
2026-04-01T13:55:02.687+09:00 TRACE 30418 --- [           main] org.hibernate.orm.jdbc.bind              : binding parameter (3:INTEGER) <- [5]
]]></system-out>
  </testcase>
  <testcase name="createOrder" classname="com.example.order.service.OrderServiceTest" time="0.013">
    <system-out><![CDATA[2026-04-01T13:55:02.690+09:00 DEBUG 30418 --- [           main] org.hibernate.SQL                        : 
    insert 
    into
        member
        (email, name, member_id) 
    values
        (?, ?, default)
2026-04-01T13:55:02.691+09:00 TRACE 30418 --- [           main] org.hibernate.orm.jdbc.bind              : binding parameter (1:VARCHAR) <- [test@test.com]
2026-04-01T13:55:02.691+09:00 TRACE 30418 --- [           main] org.hibernate.orm.jdbc.bind              : binding parameter (2:VARCHAR) <- [테스트회원]
2026-04-01T13:55:02.691+09:00 DEBUG 30418 --- [           main] org.hibernate.SQL                        : 
    insert 
    into
        product
        (name, price, stock_quantity, product_id) 
    values
        (?, ?, ?, default)
2026-04-01T13:55:02.691+09:00 TRACE 30418 --- [           main] org.hibernate.orm.jdbc.bind              : binding parameter (1:VARCHAR) <- [테스트상품]
2026-04-01T13:55:02.691+09:00 TRACE 30418 --- [           main] org.hibernate.orm.jdbc.bind              : binding parameter (2:INTEGER) <- [10000]
2026-04-01T13:55:02.691+09:00 TRACE 30418 --- [           main] org.hibernate.orm.jdbc.bind              : binding parameter (3:INTEGER) <- [50]
2026-04-01T13:55:02.692+09:00 DEBUG 30418 --- [           main] org.hibernate.SQL                        : 
    select
        p1_0.product_id,
        p1_0.name,
        p1_0.price,
        p1_0.stock_quantity 
    from
        product p1_0 
    where
        p1_0.product_id=?
2026-04-01T13:55:02.692+09:00 TRACE 30418 --- [           main] org.hibernate.orm.jdbc.bind              : binding parameter (1:BIGINT) <- [8]
2026-04-01T13:55:02.692+09:00 DEBUG 30418 --- [           main] org.hibernate.SQL                        : 
    select
        m1_0.member_id,
        m1_0.email,
        m1_0.name 
    from
        member m1_0 
    where
        m1_0.member_id=?
2026-04-01T13:55:02.692+09:00 TRACE 30418 --- [           main] org.hibernate.orm.jdbc.bind              : binding parameter (1:BIGINT) <- [5]
2026-04-01T13:55:02.693+09:00 DEBUG 30418 --- [           main] org.hibernate.SQL                        : 
    insert 
    into
        orders
        (member_id, order_date, status, order_id) 
    values
        (?, ?, ?, default)
2026-04-01T13:55:02.693+09:00 TRACE 30418 --- [           main] org.hibernate.orm.jdbc.bind              : binding parameter (1:BIGINT) <- [5]
2026-04-01T13:55:02.693+09:00 TRACE 30418 --- [           main] org.hibernate.orm.jdbc.bind              : binding parameter (2:TIMESTAMP) <- [2026-04-01T13:55:02.693169]
2026-04-01T13:55:02.693+09:00 TRACE 30418 --- [           main] org.hibernate.orm.jdbc.bind              : binding parameter (3:ENUM) <- [ORDER]
2026-04-01T13:55:02.693+09:00 DEBUG 30418 --- [           main] org.hibernate.SQL                        : 
    insert 
    into
        order_item
        (count, order_id, order_price, product_id, order_item_id) 
    values
        (?, ?, ?, ?, default)
2026-04-01T13:55:02.694+09:00 TRACE 30418 --- [           main] org.hibernate.orm.jdbc.bind              : binding parameter (1:INTEGER) <- [3]
2026-04-01T13:55:02.694+09:00 TRACE 30418 --- [           main] org.hibernate.orm.jdbc.bind              : binding parameter (2:BIGINT) <- [3]
2026-04-01T13:55:02.694+09:00 TRACE 30418 --- [           main] org.hibernate.orm.jdbc.bind              : binding parameter (3:INTEGER) <- [10000]
2026-04-01T13:55:02.694+09:00 TRACE 30418 --- [           main] org.hibernate.orm.jdbc.bind              : binding parameter (4:BIGINT) <- [8]
2026-04-01T13:55:02.694+09:00 DEBUG 30418 --- [           main] org.hibernate.SQL                        : 
    update
        product 
    set
        name=?,
        price=?,
        stock_quantity=? 
    where
        product_id=?
2026-04-01T13:55:02.695+09:00 TRACE 30418 --- [           main] org.hibernate.orm.jdbc.bind              : binding parameter (1:VARCHAR) <- [테스트상품]
2026-04-01T13:55:02.695+09:00 TRACE 30418 --- [           main] org.hibernate.orm.jdbc.bind              : binding parameter (2:INTEGER) <- [10000]
2026-04-01T13:55:02.695+09:00 TRACE 30418 --- [           main] org.hibernate.orm.jdbc.bind              : binding parameter (3:INTEGER) <- [47]
2026-04-01T13:55:02.695+09:00 TRACE 30418 --- [           main] org.hibernate.orm.jdbc.bind              : binding parameter (4:BIGINT) <- [8]
2026-04-01T13:55:02.696+09:00 DEBUG 30418 --- [           main] org.hibernate.SQL                        : 
    select
        o1_0.order_id,
        m1_0.member_id,
        m1_0.email,
        m1_0.name,
        o1_0.order_date,
        oi1_0.order_id,
        oi1_0.order_item_id,
        oi1_0.count,
        oi1_0.order_price,
        p1_0.product_id,
        p1_0.name,
        p1_0.price,
        p1_0.stock_quantity,
        o1_0.status 
    from
        orders o1_0 
    join
        member m1_0 
            on m1_0.member_id=o1_0.member_id 
    join
        order_item oi1_0 
            on o1_0.order_id=oi1_0.order_id 
    join
        product p1_0 
            on p1_0.product_id=oi1_0.product_id 
    where
        o1_0.order_id=?
2026-04-01T13:55:02.696+09:00 TRACE 30418 --- [           main] org.hibernate.orm.jdbc.bind              : binding parameter (1:BIGINT) <- [3]
]]></system-out>
  </testcase>
  <testcase name="fetchJoinTest" classname="com.example.order.service.OrderServiceTest" time="0.007">
    <system-out><![CDATA[2026-04-01T13:55:02.704+09:00 DEBUG 30418 --- [           main] org.hibernate.SQL                        : 
    insert 
    into
        member
        (email, name, member_id) 
    values
        (?, ?, default)
2026-04-01T13:55:02.704+09:00 TRACE 30418 --- [           main] org.hibernate.orm.jdbc.bind              : binding parameter (1:VARCHAR) <- [test@test.com]
2026-04-01T13:55:02.704+09:00 TRACE 30418 --- [           main] org.hibernate.orm.jdbc.bind              : binding parameter (2:VARCHAR) <- [테스트회원]
2026-04-01T13:55:02.704+09:00 DEBUG 30418 --- [           main] org.hibernate.SQL                        : 
    insert 
    into
        product
        (name, price, stock_quantity, product_id) 
    values
        (?, ?, ?, default)
2026-04-01T13:55:02.705+09:00 TRACE 30418 --- [           main] org.hibernate.orm.jdbc.bind              : binding parameter (1:VARCHAR) <- [상품A]
2026-04-01T13:55:02.705+09:00 TRACE 30418 --- [           main] org.hibernate.orm.jdbc.bind              : binding parameter (2:INTEGER) <- [10000]
2026-04-01T13:55:02.705+09:00 TRACE 30418 --- [           main] org.hibernate.orm.jdbc.bind              : binding parameter (3:INTEGER) <- [100]
2026-04-01T13:55:02.705+09:00 DEBUG 30418 --- [           main] org.hibernate.SQL                        : 
    insert 
    into
        product
        (name, price, stock_quantity, product_id) 
    values
        (?, ?, ?, default)
2026-04-01T13:55:02.705+09:00 TRACE 30418 --- [           main] org.hibernate.orm.jdbc.bind              : binding parameter (1:VARCHAR) <- [상품B]
2026-04-01T13:55:02.705+09:00 TRACE 30418 --- [           main] org.hibernate.orm.jdbc.bind              : binding parameter (2:INTEGER) <- [20000]
2026-04-01T13:55:02.705+09:00 TRACE 30418 --- [           main] org.hibernate.orm.jdbc.bind              : binding parameter (3:INTEGER) <- [100]
2026-04-01T13:55:02.705+09:00 DEBUG 30418 --- [           main] org.hibernate.SQL                        : 
    insert 
    into
        orders
        (member_id, order_date, status, order_id) 
    values
        (?, ?, ?, default)
2026-04-01T13:55:02.705+09:00 TRACE 30418 --- [           main] org.hibernate.orm.jdbc.bind              : binding parameter (1:BIGINT) <- [6]
2026-04-01T13:55:02.706+09:00 TRACE 30418 --- [           main] org.hibernate.orm.jdbc.bind              : binding parameter (2:TIMESTAMP) <- [2026-04-01T13:55:02.705649]
2026-04-01T13:55:02.706+09:00 TRACE 30418 --- [           main] org.hibernate.orm.jdbc.bind              : binding parameter (3:ENUM) <- [ORDER]
2026-04-01T13:55:02.706+09:00 DEBUG 30418 --- [           main] org.hibernate.SQL                        : 
    insert 
    into
        order_item
        (count, order_id, order_price, product_id, order_item_id) 
    values
        (?, ?, ?, ?, default)
2026-04-01T13:55:02.706+09:00 TRACE 30418 --- [           main] org.hibernate.orm.jdbc.bind              : binding parameter (1:INTEGER) <- [1]
2026-04-01T13:55:02.706+09:00 TRACE 30418 --- [           main] org.hibernate.orm.jdbc.bind              : binding parameter (2:BIGINT) <- [4]
2026-04-01T13:55:02.706+09:00 TRACE 30418 --- [           main] org.hibernate.orm.jdbc.bind              : binding parameter (3:INTEGER) <- [10000]
2026-04-01T13:55:02.706+09:00 TRACE 30418 --- [           main] org.hibernate.orm.jdbc.bind              : binding parameter (4:BIGINT) <- [9]
2026-04-01T13:55:02.706+09:00 DEBUG 30418 --- [           main] org.hibernate.SQL                        : 
    insert 
    into
        order_item
        (count, order_id, order_price, product_id, order_item_id) 
    values
        (?, ?, ?, ?, default)
2026-04-01T13:55:02.706+09:00 TRACE 30418 --- [           main] org.hibernate.orm.jdbc.bind              : binding parameter (1:INTEGER) <- [1]
2026-04-01T13:55:02.706+09:00 TRACE 30418 --- [           main] org.hibernate.orm.jdbc.bind              : binding parameter (2:BIGINT) <- [4]
2026-04-01T13:55:02.706+09:00 TRACE 30418 --- [           main] org.hibernate.orm.jdbc.bind              : binding parameter (3:INTEGER) <- [20000]
2026-04-01T13:55:02.707+09:00 TRACE 30418 --- [           main] org.hibernate.orm.jdbc.bind              : binding parameter (4:BIGINT) <- [10]
2026-04-01T13:55:02.707+09:00 DEBUG 30418 --- [           main] org.hibernate.SQL                        : 
    update
        product 
    set
        name=?,
        price=?,
        stock_quantity=? 
    where
        product_id=?
2026-04-01T13:55:02.707+09:00 TRACE 30418 --- [           main] org.hibernate.orm.jdbc.bind              : binding parameter (1:VARCHAR) <- [상품A]
2026-04-01T13:55:02.707+09:00 TRACE 30418 --- [           main] org.hibernate.orm.jdbc.bind              : binding parameter (2:INTEGER) <- [10000]
2026-04-01T13:55:02.707+09:00 TRACE 30418 --- [           main] org.hibernate.orm.jdbc.bind              : binding parameter (3:INTEGER) <- [99]
2026-04-01T13:55:02.707+09:00 TRACE 30418 --- [           main] org.hibernate.orm.jdbc.bind              : binding parameter (4:BIGINT) <- [9]
2026-04-01T13:55:02.707+09:00 DEBUG 30418 --- [           main] org.hibernate.SQL                        : 
    update
        product 
    set
        name=?,
        price=?,
        stock_quantity=? 
    where
        product_id=?
2026-04-01T13:55:02.707+09:00 TRACE 30418 --- [           main] org.hibernate.orm.jdbc.bind              : binding parameter (1:VARCHAR) <- [상품B]
2026-04-01T13:55:02.707+09:00 TRACE 30418 --- [           main] org.hibernate.orm.jdbc.bind              : binding parameter (2:INTEGER) <- [20000]
2026-04-01T13:55:02.707+09:00 TRACE 30418 --- [           main] org.hibernate.orm.jdbc.bind              : binding parameter (3:INTEGER) <- [99]
2026-04-01T13:55:02.708+09:00 TRACE 30418 --- [           main] org.hibernate.orm.jdbc.bind              : binding parameter (4:BIGINT) <- [10]
===== Fetch Join 쿼리 시작 =====
2026-04-01T13:55:02.708+09:00 DEBUG 30418 --- [           main] org.hibernate.SQL                        : 
    select
        o1_0.order_id,
        m1_0.member_id,
        m1_0.email,
        m1_0.name,
        o1_0.order_date,
        oi1_0.order_id,
        oi1_0.order_item_id,
        oi1_0.count,
        oi1_0.order_price,
        p1_0.product_id,
        p1_0.name,
        p1_0.price,
        p1_0.stock_quantity,
        o1_0.status 
    from
        orders o1_0 
    join
        member m1_0 
            on m1_0.member_id=o1_0.member_id 
    join
        order_item oi1_0 
            on o1_0.order_id=oi1_0.order_id 
    join
        product p1_0 
            on p1_0.product_id=oi1_0.product_id 
    where
        o1_0.order_id=?
2026-04-01T13:55:02.709+09:00 TRACE 30418 --- [           main] org.hibernate.orm.jdbc.bind              : binding parameter (1:BIGINT) <- [4]
===== 데이터 접근 (추가 쿼리 없음) =====
===== 테스트 완료 =====
]]></system-out>
  </testcase>
  <testcase name="cancelAlreadyCancelledOrder" classname="com.example.order.service.OrderServiceTest" time="0.004">
    <system-out><![CDATA[2026-04-01T13:55:02.712+09:00 DEBUG 30418 --- [           main] org.hibernate.SQL                        : 
    insert 
    into
        member
        (email, name, member_id) 
    values
        (?, ?, default)
2026-04-01T13:55:02.712+09:00 TRACE 30418 --- [           main] org.hibernate.orm.jdbc.bind              : binding parameter (1:VARCHAR) <- [test@test.com]
2026-04-01T13:55:02.712+09:00 TRACE 30418 --- [           main] org.hibernate.orm.jdbc.bind              : binding parameter (2:VARCHAR) <- [테스트회원]
2026-04-01T13:55:02.712+09:00 DEBUG 30418 --- [           main] org.hibernate.SQL                        : 
    insert 
    into
        product
        (name, price, stock_quantity, product_id) 
    values
        (?, ?, ?, default)
2026-04-01T13:55:02.712+09:00 TRACE 30418 --- [           main] org.hibernate.orm.jdbc.bind              : binding parameter (1:VARCHAR) <- [테스트상품]
2026-04-01T13:55:02.712+09:00 TRACE 30418 --- [           main] org.hibernate.orm.jdbc.bind              : binding parameter (2:INTEGER) <- [10000]
2026-04-01T13:55:02.712+09:00 TRACE 30418 --- [           main] org.hibernate.orm.jdbc.bind              : binding parameter (3:INTEGER) <- [50]
2026-04-01T13:55:02.713+09:00 DEBUG 30418 --- [           main] org.hibernate.SQL                        : 
    insert 
    into
        orders
        (member_id, order_date, status, order_id) 
    values
        (?, ?, ?, default)
2026-04-01T13:55:02.713+09:00 TRACE 30418 --- [           main] org.hibernate.orm.jdbc.bind              : binding parameter (1:BIGINT) <- [7]
2026-04-01T13:55:02.713+09:00 TRACE 30418 --- [           main] org.hibernate.orm.jdbc.bind              : binding parameter (2:TIMESTAMP) <- [2026-04-01T13:55:02.713149]
2026-04-01T13:55:02.713+09:00 TRACE 30418 --- [           main] org.hibernate.orm.jdbc.bind              : binding parameter (3:ENUM) <- [ORDER]
2026-04-01T13:55:02.713+09:00 DEBUG 30418 --- [           main] org.hibernate.SQL                        : 
    insert 
    into
        order_item
        (count, order_id, order_price, product_id, order_item_id) 
    values
        (?, ?, ?, ?, default)
2026-04-01T13:55:02.713+09:00 TRACE 30418 --- [           main] org.hibernate.orm.jdbc.bind              : binding parameter (1:INTEGER) <- [3]
2026-04-01T13:55:02.713+09:00 TRACE 30418 --- [           main] org.hibernate.orm.jdbc.bind              : binding parameter (2:BIGINT) <- [5]
2026-04-01T13:55:02.713+09:00 TRACE 30418 --- [           main] org.hibernate.orm.jdbc.bind              : binding parameter (3:INTEGER) <- [10000]
2026-04-01T13:55:02.713+09:00 TRACE 30418 --- [           main] org.hibernate.orm.jdbc.bind              : binding parameter (4:BIGINT) <- [11]
]]></system-out>
  </testcase>
</testsuite>